<?xml version="1.0" encoding="utf-8"?><testsuites><testsuite errors="0" failures="0" hostname="Bens-MacBook-Pro-5.local" name="pytest" skipped="0" tests="3" time="1.039" timestamp="2021-08-08T18:51:35.711315"><testcase classname="tests.test_example" file="tests/test_example.py" line="3" name="test_example" time="0.030"></testcase><testcase classname="tests.test_insta_request.TestParse" file="tests/test_insta_request.py" line="12" name="test_parse_follower" time="0.004"></testcase><testcase classname="tests.test_insta_request.TestParse" file="tests/test_insta_request.py" line="17" name="test_parse_followers" time="0.010"></testcase></testsuite></testsuites>